[RUN #0 10 3]
954 -720 -336 254 150 616 941 -585 267 577
-258 -342 523 999 -582 -748 960 -106 366 270
-976 -421 -46 -211 -386 -534 -612 -203 28 -778
[RUN #1 10 4]
425 493 176 -779 966 -940 507 -650 935 -720
-430 486 263 310 800 -783 -18 -517 211 32
501 -898 -423 936 -52 -325 407 -965 512 541
64 10 406 -988 963 660 429 304 874 467
[RUN #2 10 5]
-436 -995 -784 -316 -279 202 275 504 398 382
-445 -455 -824 305 502 715 -913 -930 907 -330
-234 695 506 -104 -860 -879 370 422 836 -925
-364 438 -1000 235 -687 -400 -583 -955 428 -722
-164 820 709 54 5 299 -572 95 -923 -969
[RUN #3 10 6]
302 -468 699 -990 -734 -107 870 -658 -549 -252
91 -265 154 317 565 -92 415 804 865 -622
-898 -887 994 -634 -29 -114 -573 -271 539 658
-60 748 673 887 -324 677 -164 493 351 -334
-383 347 -219 924 415 472 28 -332 936 916
81 -212 -676 -737 310 -528 295 641 -265 603
[RUN #4 1 6]
523
-862
-626
177
-987
-50
[RUN #5 1 1]
275
[RUN #6 10 1]
-623 -591 -549 -882 95 935 974 -173 -222 134
[RUN #7 10 10]
-407 894 533 105 -554 944 657 109 -65 -763
-615 120 -943 80 775 -555 520 432 926 -76
255 -732 -626 816 -481 702 809 -793 708 129
-493 -610 965 -978 258 491 781 -466 -338 467
-949 400 -90 -856 -233 440 414 -190 -813 578
276 814 -628 -695 -232 122 616 -333 -195 961
520 767 -881 801 928 -116 253 -914 -824 -745
-165 839 37 608 -897 155 208 -612 -999 294
-604 693 -444 -814 741 239 731 876 8 -933
-995 -392 730 374 414 -936 -156 -283 -56 389
[RUN #8 1 10]
-257
-117
378
533
858
479
963
-125
-982
-342
[RUN #9 2 10]
-433 659
854 306
264 -125
-29 247
-564 -605
201 748
-925 -817
-905 459
910 607
-403 527
[RUN #10 10 2]
962 482 -197 -212 784 -952 -423 371 373 492
-4 874 -603 -384 689 -817 202 -572 146 -317
[RUN #11 2 2]
-513 135
145 625
[RUN #12 2 10]
865 -557
787 369
-78 815
-257 -116
681 142
445 -548
-665 -505
950 -55
-359 -735
136 778
[RUN #13 2 10]
-305 135
-754 651
426 -228
-656 401
46 950
-906 -572
293 -667
628 837
-109 645
30 -694
